<?xml version="1.0" encoding="UTF-8"?>
<testsuite name="com.jason.ospchallenge.service.IpRangeServiceTest" tests="2" skipped="0" failures="0" errors="0" timestamp="2023-11-28T22:50:13" hostname="Jasons-MacBook-Pro.local" time="0.122">
  <properties/>
  <testcase name="retrieveIpRanges_InternalServerErrorException()" classname="com.jason.ospchallenge.service.IpRangeServiceTest" time="0.113"/>
  <testcase name="retrieveIpRanges()" classname="com.jason.ospchallenge.service.IpRangeServiceTest" time="0.008"/>
  <system-out><![CDATA[]]></system-out>
  <system-err><![CDATA[]]></system-err>
</testsuite>
