<?xml version="1.0" encoding="UTF-8"?>
<testsuite name="com.jason.ospchallenge.util.RegionValidatorUtilTest" tests="1" skipped="0" failures="0" errors="0" timestamp="2023-11-28T22:50:13" hostname="Jasons-MacBook-Pro.local" time="0.004">
  <properties/>
  <testcase name="validateRegionTest()" classname="com.jason.ospchallenge.util.RegionValidatorUtilTest" time="0.004"/>
  <system-out><![CDATA[]]></system-out>
  <system-err><![CDATA[]]></system-err>
</testsuite>
