<?xml version="1.0" encoding="UTF-8"?>
<testsuite name="com.jason.ospchallenge.integration.IpRangeIntegrationTest" tests="3" skipped="0" failures="0" errors="0" timestamp="2023-11-28T22:50:11" hostname="Jasons-MacBook-Pro.local" time="1.852">
  <properties/>
  <testcase name="testGetSingleEmployee_AF()" classname="com.jason.ospchallenge.integration.IpRangeIntegrationTest" time="1.306"/>
  <testcase name="testGetSingleEmployee_CA()" classname="com.jason.ospchallenge.integration.IpRangeIntegrationTest" time="0.323"/>
  <testcase name="testGetSingleEmployee_CN()" classname="com.jason.ospchallenge.integration.IpRangeIntegrationTest" time="0.218"/>
  <system-out><![CDATA[2023-11-28T23:50:10.160+01:00  INFO 48422 --- [    Test worker] t.c.s.AnnotationConfigContextLoaderUtils : Could not detect default configuration classes for test class [com.jason.ospchallenge.integration.IpRangeIntegrationTest]: IpRangeIntegrationTest does not declare any static, non-private, non-final, nested classes annotated with @Configuration.
2023-11-28T23:50:10.186+01:00  INFO 48422 --- [    Test worker] .b.t.c.SpringBootTestContextBootstrapper : Found @SpringBootConfiguration com.jason.ospchallenge.OspChallengeApplication for test class com.jason.ospchallenge.integration.IpRangeIntegrationTest

  .   ____          _            __ _ _
 /\\ / ___'_ __ _ _(_)_ __  __ _ \ \ \ \
( ( )\___ | '_ | '_| | '_ \/ _` | \ \ \ \
 \\/  ___)| |_)| | | | | || (_| |  ) ) ) )
  '  |____| .__|_| |_|_| |_\__, | / / / /
 =========|_|==============|___/=/_/_/_/
 :: Spring Boot ::                (v3.2.0)

2023-11-28T23:50:10.284+01:00  INFO 48422 --- [    Test worker] c.j.o.i.IpRangeIntegrationTest           : Starting IpRangeIntegrationTest using Java 17.0.8 with PID 48422 (started by jaelgoco in /Users/jaelgoco/Documents/Programming/Java/Git/osp-challenge)
2023-11-28T23:50:10.286+01:00  INFO 48422 --- [    Test worker] c.j.o.i.IpRangeIntegrationTest           : No active profile set, falling back to 1 default profile: "default"
2023-11-28T23:50:11.114+01:00  INFO 48422 --- [    Test worker] o.s.b.w.embedded.tomcat.TomcatWebServer  : Tomcat initialized with port 0 (http)
2023-11-28T23:50:11.122+01:00  INFO 48422 --- [    Test worker] o.apache.catalina.core.StandardService   : Starting service [Tomcat]
2023-11-28T23:50:11.123+01:00  INFO 48422 --- [    Test worker] o.apache.catalina.core.StandardEngine    : Starting Servlet engine: [Apache Tomcat/10.1.16]
2023-11-28T23:50:11.194+01:00  INFO 48422 --- [    Test worker] o.a.c.c.C.[Tomcat].[localhost].[/]       : Initializing Spring embedded WebApplicationContext
2023-11-28T23:50:11.196+01:00  INFO 48422 --- [    Test worker] w.s.c.ServletWebServerApplicationContext : Root WebApplicationContext: initialization completed in 903 ms
2023-11-28T23:50:11.678+01:00  INFO 48422 --- [    Test worker] o.s.b.w.embedded.tomcat.TomcatWebServer  : Tomcat started on port 54134 (http) with context path ''
2023-11-28T23:50:11.686+01:00  INFO 48422 --- [    Test worker] c.j.o.i.IpRangeIntegrationTest           : Started IpRangeIntegrationTest in 1.486 seconds (process running for 7.105)
2023-11-28T23:50:12.158+01:00  INFO 48422 --- [o-auto-1-exec-1] o.a.c.c.C.[Tomcat].[localhost].[/]       : Initializing Spring DispatcherServlet 'dispatcherServlet'
2023-11-28T23:50:12.159+01:00  INFO 48422 --- [o-auto-1-exec-1] o.s.web.servlet.DispatcherServlet        : Initializing Servlet 'dispatcherServlet'
2023-11-28T23:50:12.165+01:00  INFO 48422 --- [o-auto-1-exec-1] o.s.web.servlet.DispatcherServlet        : Completed initialization in 4 ms
2023-11-28T23:50:12.873+01:00  INFO 48422 --- [ctor-http-nio-3] c.j.o.webclient.IpRangeClient            : Received response with syncToken: 1700850187
2023-11-28T23:50:13.129+01:00  INFO 48422 --- [ctor-http-nio-3] c.j.o.webclient.IpRangeClient            : Received response with syncToken: 1700850187
2023-11-28T23:50:13.472+01:00  INFO 48422 --- [ctor-http-nio-3] c.j.o.webclient.IpRangeClient            : Received response with syncToken: 1700850187
]]></system-out>
  <system-err><![CDATA[]]></system-err>
</testsuite>
