<?xml version="1.0" encoding="UTF-8"?>
<testsuite name="com.jason.ospchallenge.controller.IpRangeControllerTest" tests="3" skipped="0" failures="0" errors="0" timestamp="2023-11-28T22:50:09" hostname="Jasons-MacBook-Pro.local" time="0.238">
  <properties/>
  <testcase name="testGetPriceInfo()" classname="com.jason.ospchallenge.controller.IpRangeControllerTest" time="0.185"/>
  <testcase name="testGetPriceInfo_InternalServerErrorException()" classname="com.jason.ospchallenge.controller.IpRangeControllerTest" time="0.027"/>
  <testcase name="testGetPriceInfo_InvalidRegionException()" classname="com.jason.ospchallenge.controller.IpRangeControllerTest" time="0.017"/>
  <system-out><![CDATA[23:50:05.800 [Test worker] INFO org.springframework.test.context.support.AnnotationConfigContextLoaderUtils -- Could not detect default configuration classes for test class [com.jason.ospchallenge.controller.IpRangeControllerTest]: IpRangeControllerTest does not declare any static, non-private, non-final, nested classes annotated with @Configuration.
23:50:06.029 [Test worker] INFO org.springframework.boot.test.context.SpringBootTestContextBootstrapper -- Found @SpringBootConfiguration com.jason.ospchallenge.OspChallengeApplication for test class com.jason.ospchallenge.controller.IpRangeControllerTest

  .   ____          _            __ _ _
 /\\ / ___'_ __ _ _(_)_ __  __ _ \ \ \ \
( ( )\___ | '_ | '_| | '_ \/ _` | \ \ \ \
 \\/  ___)| |_)| | | | | || (_| |  ) ) ) )
  '  |____| .__|_| |_|_| |_\__, | / / / /
 =========|_|==============|___/=/_/_/_/
 :: Spring Boot ::                (v3.2.0)

2023-11-28T23:50:06.530+01:00  INFO 48422 --- [    Test worker] c.j.o.controller.IpRangeControllerTest   : Starting IpRangeControllerTest using Java 17.0.8 with PID 48422 (started by jaelgoco in /Users/jaelgoco/Documents/Programming/Java/Git/osp-challenge)
2023-11-28T23:50:06.533+01:00  INFO 48422 --- [    Test worker] c.j.o.controller.IpRangeControllerTest   : No active profile set, falling back to 1 default profile: "default"
2023-11-28T23:50:09.724+01:00  INFO 48422 --- [    Test worker] o.s.b.t.m.w.SpringBootMockServletContext : Initializing Spring TestDispatcherServlet ''
2023-11-28T23:50:09.725+01:00  INFO 48422 --- [    Test worker] o.s.t.web.servlet.TestDispatcherServlet  : Initializing Servlet ''
2023-11-28T23:50:09.745+01:00  INFO 48422 --- [    Test worker] o.s.t.web.servlet.TestDispatcherServlet  : Completed initialization in 4 ms
2023-11-28T23:50:09.862+01:00  INFO 48422 --- [    Test worker] c.j.o.controller.IpRangeControllerTest   : Started IpRangeControllerTest in 3.749 seconds (process running for 5.281)
]]></system-out>
  <system-err><![CDATA[]]></system-err>
</testsuite>
